This is pdfTeX, Version 3.14159265-2.6-1.40.15 (TeX Live 2014) (preloaded format=pdflatex 2014.5.25)  16 MAR 2018 15:56
entering extended mode
 restricted \write18 enabled.
 file:line:error style messages enabled.
 %&-line parsing enabled.
**PAW_EES_physics.tex
(./PAW_EES_physics.tex
LaTeX2e <2014/05/01>
Babel <3.9k> and hyphenation patterns for 78 languages loaded.
(/usr/local/texlive/2014/texmf-dist/tex/latex/base/article.cls
Document Class: article 2007/10/19 v1.4h Standard LaTeX document class
(/usr/local/texlive/2014/texmf-dist/tex/latex/base/size10.clo
File: size10.clo 2007/10/19 v1.4h Standard LaTeX file (size option)
)
\c@part=\count79
\c@section=\count80
\c@subsection=\count81
\c@subsubsection=\count82
\c@paragraph=\count83
\c@subparagraph=\count84
\c@figure=\count85
\c@table=\count86
\abovecaptionskip=\skip41
\belowcaptionskip=\skip42
\bibindent=\dimen102
)
(/usr/local/texlive/2014/texmf-dist/tex/latex/base/fontenc.sty
Package: fontenc 2005/09/27 v1.99g Standard LaTeX package

(/usr/local/texlive/2014/texmf-dist/tex/latex/base/t1enc.def
File: t1enc.def 2005/09/27 v1.99g Standard LaTeX file
LaTeX Font Info:    Redeclaring font encoding T1 on input line 43.
))
(/usr/local/texlive/2014/texmf-dist/tex/latex/geometry/geometry.sty
Package: geometry 2010/09/12 v5.6 Page Geometry

(/usr/local/texlive/2014/texmf-dist/tex/latex/graphics/keyval.sty
Package: keyval 2014/05/08 v1.15 key=value parser (DPC)
\KV@toks@=\toks14
)
(/usr/local/texlive/2014/texmf-dist/tex/generic/oberdiek/ifpdf.sty
Package: ifpdf 2011/01/30 v2.3 Provides the ifpdf switch (HO)
Package ifpdf Info: pdfTeX in PDF mode is detected.
)
(/usr/local/texlive/2014/texmf-dist/tex/generic/oberdiek/ifvtex.sty
Package: ifvtex 2010/03/01 v1.5 Detect VTeX and its facilities (HO)
Package ifvtex Info: VTeX not detected.
)
(/usr/local/texlive/2014/texmf-dist/tex/generic/ifxetex/ifxetex.sty
Package: ifxetex 2010/09/12 v0.6 Provides ifxetex conditional
)
\Gm@cnth=\count87
\Gm@cntv=\count88
\c@Gm@tempcnt=\count89
\Gm@bindingoffset=\dimen103
\Gm@wd@mp=\dimen104
\Gm@odd@mp=\dimen105
\Gm@even@mp=\dimen106
\Gm@layoutwidth=\dimen107
\Gm@layoutheight=\dimen108
\Gm@layouthoffset=\dimen109
\Gm@layoutvoffset=\dimen110
\Gm@dimlist=\toks15
)
(/usr/local/texlive/2014/texmf-dist/tex/latex/physics/physics.sty
Package: physics 

(/usr/local/texlive/2014/texmf-dist/tex/latex/l3packages/xparse/xparse.sty
(/usr/local/texlive/2014/texmf-dist/tex/latex/l3kernel/expl3.sty
Package: expl3 2014/05/20 v4814 L3 programming layer (loader) 

(/usr/local/texlive/2014/texmf-dist/tex/latex/l3kernel/expl3-code.tex
Package: expl3 2014/05/20 v4814 L3 programming layer (code) 
L3 Module: l3bootstrap 2014/05/16 v4782 L3 Bootstrap code

(/usr/local/texlive/2014/texmf-dist/tex/latex/etex-pkg/etex.sty
Package: etex 1998/03/26 v2.0 eTeX basic definition package (PEB)
\et@xins=\count90
)
L3 Module: l3names 2014/05/04 v4728 L3 Namespace for primitives
L3 Module: l3basics 2014/05/04 v4728 L3 Basic definitions
L3 Module: l3expan 2014/04/30 v4712 L3 Argument expansion
L3 Module: l3tl 2014/05/04 v4728 L3 Token lists
L3 Module: l3seq 2014/04/30 v4712 L3 Sequences and stacks
L3 Module: l3int 2014/05/16 v4776 L3 Integers
\c_max_int=\count91
\l_tmpa_int=\count92
\l_tmpb_int=\count93
\g_tmpa_int=\count94
\g_tmpb_int=\count95
L3 Module: l3quark 2014/05/04 v4728 L3 Quarks
L3 Module: l3prg 2014/05/04 v4728 L3 Control structures
\g__prg_map_int=\count96
L3 Module: l3clist 2014/05/04 v4728 L3 Comma separated lists
L3 Module: l3token 2014/05/04 v4728 L3 Experimental token manipulation
L3 Module: l3prop 2014/04/30 v4712 L3 Property lists
L3 Module: l3msg 2014/05/04 v4728 L3 Messages
L3 Module: l3file 2014/05/05 v4737 L3 File and I/O operations
\l_iow_line_count_int=\count97
\l__iow_target_count_int=\count98
\l__iow_current_line_int=\count99
\l__iow_current_word_int=\count100
\l__iow_current_indentation_int=\count101
L3 Module: l3skip 2014/05/05 v4738 L3 Dimensions and skips
\c_zero_dim=\dimen111
\c_max_dim=\dimen112
\l_tmpa_dim=\dimen113
\l_tmpb_dim=\dimen114
\g_tmpa_dim=\dimen115
\g_tmpb_dim=\dimen116
\c_zero_skip=\skip43
\c_max_skip=\skip44
\l_tmpa_skip=\skip45
\l_tmpb_skip=\skip46
\g_tmpa_skip=\skip47
\g_tmpb_skip=\skip48
\c_zero_muskip=\muskip10
\c_max_muskip=\muskip11
\l_tmpa_muskip=\muskip12
\l_tmpb_muskip=\muskip13
\g_tmpa_muskip=\muskip14
\g_tmpb_muskip=\muskip15
L3 Module: l3keys 2014/05/08 v4753 L3 Key-value interfaces
\g__keyval_level_int=\count102
\l_keys_choice_int=\count103
L3 Module: l3fp 2014/04/30 v4712 L3 Floating points
\c__fp_leading_shift_int=\count104
\c__fp_middle_shift_int=\count105
\c__fp_trailing_shift_int=\count106
\c__fp_big_leading_shift_int=\count107
\c__fp_big_middle_shift_int=\count108
\c__fp_big_trailing_shift_int=\count109
\c__fp_Bigg_leading_shift_int=\count110
\c__fp_Bigg_middle_shift_int=\count111
\c__fp_Bigg_trailing_shift_int=\count112
L3 Module: l3box 2014/05/04 v4728 L3 Experimental boxes
\c_empty_box=\box26
\l_tmpa_box=\box27
\l_tmpb_box=\box28
\g_tmpa_box=\box29
\g_tmpb_box=\box30
L3 Module: l3coffins 2014/05/04 v4728 L3 Coffin code layer
\l__coffin_internal_box=\box31
\l__coffin_internal_dim=\dimen117
\l__coffin_offset_x_dim=\dimen118
\l__coffin_offset_y_dim=\dimen119
\l__coffin_x_dim=\dimen120
\l__coffin_y_dim=\dimen121
\l__coffin_x_prime_dim=\dimen122
\l__coffin_y_prime_dim=\dimen123
\c_empty_coffin=\box32
\l__coffin_aligned_coffin=\box33
\l__coffin_aligned_internal_coffin=\box34
\l_tmpa_coffin=\box35
\l_tmpb_coffin=\box36
\l__coffin_display_coffin=\box37
\l__coffin_display_coord_coffin=\box38
\l__coffin_display_pole_coffin=\box39
\l__coffin_display_offset_dim=\dimen124
\l__coffin_display_x_dim=\dimen125
\l__coffin_display_y_dim=\dimen126
L3 Module: l3color 2014/04/30 v4712 L3 Experimental color support
L3 Module: l3luatex 2014/04/30 v4712 L3 Experimental LuaTeX-specific functions
\g__cctab_allocate_int=\count113
\g__cctab_stack_int=\count114
L3 Module: l3candidates 2014/05/04 v4734 L3 Experimental additions to l3kernel
\l__box_top_dim=\dimen127
\l__box_bottom_dim=\dimen128
\l__box_left_dim=\dimen129
\l__box_right_dim=\dimen130
\l__box_top_new_dim=\dimen131
\l__box_bottom_new_dim=\dimen132
\l__box_left_new_dim=\dimen133
\l__box_right_new_dim=\dimen134
\l__box_internal_box=\box40
\l__coffin_bounding_shift_dim=\dimen135
\l__coffin_left_corner_dim=\dimen136
\l__coffin_right_corner_dim=\dimen137
\l__coffin_bottom_corner_dim=\dimen138
\l__coffin_top_corner_dim=\dimen139
\l__coffin_scaled_total_height_dim=\dimen140
\l__coffin_scaled_width_dim=\dimen141
))
Package: xparse 2014/05/05 v4740 L3 Experimental document command parser
\l__xparse_current_arg_int=\count115
\l__xparse_m_args_int=\count116
\l__xparse_mandatory_args_int=\count117
\l__xparse_processor_int=\count118
\l__xparse_v_nesting_int=\count119
)
(/usr/local/texlive/2014/texmf-dist/tex/latex/amsmath/amsmath.sty
Package: amsmath 2013/01/14 v2.14 AMS math features
\@mathmargin=\skip49

For additional information on amsmath, use the `?' option.
(/usr/local/texlive/2014/texmf-dist/tex/latex/amsmath/amstext.sty
Package: amstext 2000/06/29 v2.01

(/usr/local/texlive/2014/texmf-dist/tex/latex/amsmath/amsgen.sty
File: amsgen.sty 1999/11/30 v2.0
\@emptytoks=\toks16
\ex@=\dimen142
))
(/usr/local/texlive/2014/texmf-dist/tex/latex/amsmath/amsbsy.sty
Package: amsbsy 1999/11/29 v1.2d
\pmbraise@=\dimen143
)
(/usr/local/texlive/2014/texmf-dist/tex/latex/amsmath/amsopn.sty
Package: amsopn 1999/12/14 v2.01 operator names
)
\inf@bad=\count120
LaTeX Info: Redefining \frac on input line 210.
\uproot@=\count121
\leftroot@=\count122
LaTeX Info: Redefining \overline on input line 306.
\classnum@=\count123
\DOTSCASE@=\count124
LaTeX Info: Redefining \ldots on input line 378.
LaTeX Info: Redefining \dots on input line 381.
LaTeX Info: Redefining \cdots on input line 466.
\Mathstrutbox@=\box41
\strutbox@=\box42
\big@size=\dimen144
LaTeX Font Info:    Redeclaring font encoding OML on input line 566.
LaTeX Font Info:    Redeclaring font encoding OMS on input line 567.
\macc@depth=\count125
\c@MaxMatrixCols=\count126
\dotsspace@=\muskip16
\c@parentequation=\count127
\dspbrk@lvl=\count128
\tag@help=\toks17
\row@=\count129
\column@=\count130
\maxfields@=\count131
\andhelp@=\toks18
\eqnshift@=\dimen145
\alignsep@=\dimen146
\tagshift@=\dimen147
\tagwidth@=\dimen148
\totwidth@=\dimen149
\lineht@=\dimen150
\@envbody=\toks19
\multlinegap=\skip50
\multlinetaggap=\skip51
\mathdisplay@stack=\toks20
LaTeX Info: Redefining \[ on input line 2665.
LaTeX Info: Redefining \] on input line 2666.
)
.................................................
. LaTeX info: "xparse/define-command"
. 
. Defining document command \vnabla with arg. spec. '' on line 25.
.................................................
.................................................
. LaTeX info: "xparse/define-command"
. 
. Defining document command \varE with arg. spec. '' on line 29.
.................................................
.................................................
. LaTeX info: "xparse/define-command"
. 
. Defining document command \ordersymbol with arg. spec. '' on line 30.
.................................................
.................................................
. LaTeX info: "xparse/define-command"
. 
. Defining document command \lparen with arg. spec. '' on line 31.
.................................................
.................................................
. LaTeX info: "xparse/define-command"
. 
. Defining document command \rparen with arg. spec. '' on line 32.
.................................................
.................................................
. LaTeX info: "xparse/define-command"
. 
. Defining document command \quantity with arg. spec. '' on line 35.
.................................................
.................................................
. LaTeX info: "xparse/define-command"
. 
. Defining document command \@quantity with arg. spec. ' t\big t\Big t\bigg
. t\Bigg g o d() d|| ' on line 62.
.................................................
.................................................
. LaTeX info: "xparse/define-command"
. 
. Defining document command \qty with arg. spec. '' on line 63.
.................................................
.................................................
. LaTeX info: "xparse/define-command"
. 
. Defining document command \pqty with arg. spec. ' l m ' on line 64.
.................................................
.................................................
. LaTeX info: "xparse/define-command"
. 
. Defining document command \bqty with arg. spec. ' l m ' on line 65.
.................................................
.................................................
. LaTeX info: "xparse/define-command"
. 
. Defining document command \Bqty with arg. spec. ' l m ' on line 66.
.................................................
.................................................
. LaTeX info: "xparse/define-command"
. 
. Defining document command \vqty with arg. spec. ' l m ' on line 67.
.................................................
.................................................
. LaTeX info: "xparse/define-command"
. 
. Defining document command \pmqty with arg. spec. 'm' on line 70.
.................................................
.................................................
. LaTeX info: "xparse/define-command"
. 
. Defining document command \Pmqty with arg. spec. 'm' on line 71.
.................................................
.................................................
. LaTeX info: "xparse/define-command"
. 
. Defining document command \bmqty with arg. spec. 'm' on line 72.
.................................................
.................................................
. LaTeX info: "xparse/define-command"
. 
. Defining document command \vmqty with arg. spec. 'm' on line 73.
.................................................
.................................................
. LaTeX info: "xparse/define-command"
. 
. Defining document command \matrixquantity with arg. spec. '' on line 74.
.................................................
.................................................
. LaTeX info: "xparse/define-command"
. 
. Defining document command \@matrixquantity with arg. spec. ' s g o d() d|| '
. on line 100.
.................................................
.................................................
. LaTeX info: "xparse/define-command"
. 
. Defining document command \mqty with arg. spec. '' on line 101.
.................................................
.................................................
. LaTeX info: "xparse/define-command"
. 
. Defining document command \matrixdeterminant with arg. spec. 'm' on line
. 102.
.................................................
.................................................
. LaTeX info: "xparse/define-command"
. 
. Defining document command \mdet with arg. spec. '' on line 103.
.................................................
.................................................
. LaTeX info: "xparse/define-command"
. 
. Defining document command \spmqty with arg. spec. 'm' on line 105.
.................................................
.................................................
. LaTeX info: "xparse/define-command"
. 
. Defining document command \sPmqty with arg. spec. 'm' on line 106.
.................................................
.................................................
. LaTeX info: "xparse/define-command"
. 
. Defining document command \sbmqty with arg. spec. 'm' on line 107.
.................................................
.................................................
. LaTeX info: "xparse/define-command"
. 
. Defining document command \svmqty with arg. spec. 'm' on line 108.
.................................................
.................................................
. LaTeX info: "xparse/define-command"
. 
. Defining document command \smallmatrixquantity with arg. spec. ' s g o d()
. d|| ' on line 133.
.................................................
.................................................
. LaTeX info: "xparse/define-command"
. 
. Defining document command \smqty with arg. spec. '' on line 134.
.................................................
.................................................
. LaTeX info: "xparse/define-command"
. 
. Defining document command \smallmatrixdeterminant with arg. spec. 'm' on
. line 135.
.................................................
.................................................
. LaTeX info: "xparse/define-command"
. 
. Defining document command \smdet with arg. spec. '' on line 136.
.................................................
.................................................
. LaTeX info: "xparse/define-command"
. 
. Defining document command \argopen with arg. spec. 's' on line 138.
.................................................
.................................................
. LaTeX info: "xparse/define-command"
. 
. Defining document command \argclose with arg. spec. 's' on line 139.
.................................................
.................................................
. LaTeX info: "xparse/define-command"
. 
. Defining document command \braces with arg. spec. '' on line 141.
.................................................
.................................................
. LaTeX info: "xparse/define-command"
. 
. Defining document command \@braces with arg. spec. ' s t\big t\Big t\bigg
. t\Bigg m m m ' on line 156.
.................................................
.................................................
. LaTeX info: "xparse/define-command"
. 
. Defining document command \fbraces with arg. spec. ' s t\big t\Big t\bigg
. t\Bigg m m m m ' on line 174.
.................................................
.................................................
. LaTeX info: "xparse/define-command"
. 
. Defining document command \absolutevalue with arg. spec. ' l m ' on line
. 176.
.................................................
.................................................
. LaTeX info: "xparse/define-command"
. 
. Defining document command \abs with arg. spec. '' on line 177.
.................................................
.................................................
. LaTeX info: "xparse/define-command"
. 
. Defining document command \norm with arg. spec. ' l m ' on line 178.
.................................................
.................................................
. LaTeX info: "xparse/define-command"
. 
. Defining document command \order with arg. spec. ' l m ' on line 179.
.................................................
.................................................
. LaTeX info: "xparse/define-command"
. 
. Defining document command \evaluated with arg. spec. ' s g d[| d(| ' on line
. 194.
.................................................
.................................................
. LaTeX info: "xparse/define-command"
. 
. Defining document command \eval with arg. spec. '' on line 195.
.................................................
.................................................
. LaTeX info: "xparse/define-command"
. 
. Defining document command \poissonbracket with arg. spec. ' l m m ' on line
. 197.
.................................................
.................................................
. LaTeX info: "xparse/define-command"
. 
. Defining document command \pb with arg. spec. '' on line 198.
.................................................
.................................................
. LaTeX info: "xparse/define-command"
. 
. Defining document command \commutator with arg. spec. ' l m m ' on line 201.
.................................................
.................................................
. LaTeX info: "xparse/define-command"
. 
. Defining document command \comm with arg. spec. '' on line 202.
.................................................
.................................................
. LaTeX info: "xparse/define-command"
. 
. Defining document command \anticommutator with arg. spec. ' l m m ' on line
. 203.
.................................................
.................................................
. LaTeX info: "xparse/define-command"
. 
. Defining document command \acommutator with arg. spec. '' on line 204.
.................................................
.................................................
. LaTeX info: "xparse/define-command"
. 
. Defining document command \acomm with arg. spec. '' on line 205.
.................................................
.................................................
. LaTeX info: "xparse/define-command"
. 
. Defining document command \vectorbold with arg. spec. ' s m ' on line 208.
.................................................
.................................................
. LaTeX info: "xparse/define-command"
. 
. Defining document command \vb with arg. spec. '' on line 209.
.................................................
.................................................
. LaTeX info: "xparse/define-command"
. 
. Defining document command \vectorarrow with arg. spec. ' s m ' on line 211.
.................................................
.................................................
. LaTeX info: "xparse/define-command"
. 
. Defining document command \va with arg. spec. '' on line 212.
.................................................
.................................................
. LaTeX info: "xparse/define-command"
. 
. Defining document command \vectorunit with arg. spec. ' s m ' on line 214.
.................................................
.................................................
. LaTeX info: "xparse/define-command"
. 
. Defining document command \vu with arg. spec. '' on line 215.
.................................................
.................................................
. LaTeX info: "xparse/define-command"
. 
. Defining document command \dotproduct with arg. spec. '' on line 217.
.................................................
.................................................
. LaTeX info: "xparse/define-command"
. 
. Defining document command \vdot with arg. spec. '' on line 218.
.................................................
.................................................
. LaTeX info: "xparse/define-command"
. 
. Defining document command \crossproduct with arg. spec. '' on line 220.
.................................................
.................................................
. LaTeX info: "xparse/define-command"
. 
. Defining document command \cross with arg. spec. '' on line 221.
.................................................
.................................................
. LaTeX info: "xparse/define-command"
. 
. Defining document command \cp with arg. spec. '' on line 222.
.................................................
.................................................
. LaTeX info: "xparse/define-command"
. 
. Defining document command \gradient with arg. spec. ' g o d() ' on line 232.
.................................................
.................................................
. LaTeX info: "xparse/define-command"
. 
. Defining document command \grad with arg. spec. '' on line 233.
.................................................
.................................................
. LaTeX info: "xparse/define-command"
. 
. Defining document command \divergence with arg. spec. ' g o d() ' on line
. 243.
.................................................
.................................................
. LaTeX info: "xparse/define-command"
. 
. Defining document command \div with arg. spec. '' on line 246.
.................................................
.................................................
. LaTeX info: "xparse/define-command"
. 
. Defining document command \curl with arg. spec. ' g o d() ' on line 256.
.................................................
.................................................
. LaTeX info: "xparse/define-command"
. 
. Defining document command \laplacian with arg. spec. ' g o d() ' on line
. 266.
.................................................
.................................................
. LaTeX info: "xparse/define-command"
. 
. Defining document command \principalvalue with arg. spec. 'g' on line 274.
.................................................
.................................................
. LaTeX info: "xparse/define-command"
. 
. Defining document command \pv with arg. spec. '' on line 275.
.................................................
.................................................
. LaTeX info: "xparse/define-command"
. 
. Defining document command \PV with arg. spec. 'g' on line 276.
.................................................

*************************************************
* LaTeX warning: "xparse/redefine-command"
* 
* Redefining document command \Re with arg. spec. 'g' on line 277.
*************************************************
*************************************************
* LaTeX warning: "xparse/redefine-command"
* 
* Redefining document command \Im with arg. spec. 'g' on line 278.
*************************************************
.................................................
. LaTeX info: "xparse/define-command"
. 
. Defining document command \opbraces with arg. spec. ' m g o d() ' on line
. 299.
.................................................
.................................................
. LaTeX info: "xparse/define-command"
. 
. Defining document command \trigbraces with arg. spec. ' m o d() ' on line
. 305.
.................................................
*************************************************
* LaTeX warning: "xparse/redefine-command"
* 
* Redefining document command \sin with arg. spec. '' on line 309.
*************************************************
*************************************************
* LaTeX warning: "xparse/redefine-command"
* 
* Redefining document command \cos with arg. spec. '' on line 310.
*************************************************
*************************************************
* LaTeX warning: "xparse/redefine-command"
* 
* Redefining document command \tan with arg. spec. '' on line 311.
*************************************************
*************************************************
* LaTeX warning: "xparse/redefine-command"
* 
* Redefining document command \csc with arg. spec. '' on line 312.
*************************************************
*************************************************
* LaTeX warning: "xparse/redefine-command"
* 
* Redefining document command \sec with arg. spec. '' on line 313.
*************************************************
*************************************************
* LaTeX warning: "xparse/redefine-command"
* 
* Redefining document command \cot with arg. spec. '' on line 314.
*************************************************
*************************************************
* LaTeX warning: "xparse/redefine-command"
* 
* Redefining document command \arcsin with arg. spec. '' on line 316.
*************************************************
*************************************************
* LaTeX warning: "xparse/redefine-command"
* 
* Redefining document command \arccos with arg. spec. '' on line 317.
*************************************************
*************************************************
* LaTeX warning: "xparse/redefine-command"
* 
* Redefining document command \arctan with arg. spec. '' on line 318.
*************************************************
.................................................
. LaTeX info: "xparse/define-command"
. 
. Defining document command \arccsc with arg. spec. '' on line 320.
.................................................
.................................................
. LaTeX info: "xparse/define-command"
. 
. Defining document command \arcsec with arg. spec. '' on line 322.
.................................................
.................................................
. LaTeX info: "xparse/define-command"
. 
. Defining document command \arccot with arg. spec. '' on line 324.
.................................................
.................................................
. LaTeX info: "xparse/define-command"
. 
. Defining document command \asin with arg. spec. '' on line 327.
.................................................
.................................................
. LaTeX info: "xparse/define-command"
. 
. Defining document command \acos with arg. spec. '' on line 329.
.................................................
.................................................
. LaTeX info: "xparse/define-command"
. 
. Defining document command \atan with arg. spec. '' on line 331.
.................................................
.................................................
. LaTeX info: "xparse/define-command"
. 
. Defining document command \acsc with arg. spec. '' on line 333.
.................................................
.................................................
. LaTeX info: "xparse/define-command"
. 
. Defining document command \asec with arg. spec. '' on line 335.
.................................................
.................................................
. LaTeX info: "xparse/define-command"
. 
. Defining document command \acot with arg. spec. '' on line 337.
.................................................
*************************************************
* LaTeX warning: "xparse/redefine-command"
* 
* Redefining document command \sinh with arg. spec. '' on line 339.
*************************************************
*************************************************
* LaTeX warning: "xparse/redefine-command"
* 
* Redefining document command \cosh with arg. spec. '' on line 340.
*************************************************
*************************************************
* LaTeX warning: "xparse/redefine-command"
* 
* Redefining document command \tanh with arg. spec. '' on line 341.
*************************************************
.................................................
. LaTeX info: "xparse/define-command"
. 
. Defining document command \csch with arg. spec. '' on line 343.
.................................................
.................................................
. LaTeX info: "xparse/define-command"
. 
. Defining document command \sech with arg. spec. '' on line 345.
.................................................
*************************************************
* LaTeX warning: "xparse/redefine-command"
* 
* Redefining document command \coth with arg. spec. '' on line 346.
*************************************************
*************************************************
* LaTeX warning: "xparse/redefine-command"
* 
* Redefining document command \exp with arg. spec. '' on line 348.
*************************************************
*************************************************
* LaTeX warning: "xparse/redefine-command"
* 
* Redefining document command \log with arg. spec. '' on line 349.
*************************************************
*************************************************
* LaTeX warning: "xparse/redefine-command"
* 
* Redefining document command \ln with arg. spec. '' on line 350.
*************************************************
*************************************************
* LaTeX warning: "xparse/redefine-command"
* 
* Redefining document command \det with arg. spec. '' on line 351.
*************************************************
*************************************************
* LaTeX warning: "xparse/redefine-command"
* 
* Redefining document command \Pr with arg. spec. '' on line 352.
*************************************************
.................................................
. LaTeX info: "xparse/define-command"
. 
. Defining document command \tr with arg. spec. '' on line 353.
.................................................
.................................................
. LaTeX info: "xparse/define-command"
. 
. Defining document command \Tr with arg. spec. '' on line 354.
.................................................
.................................................
. LaTeX info: "xparse/define-command"
. 
. Defining document command \Res with arg. spec. '' on line 355.
.................................................
.................................................
. LaTeX info: "xparse/define-command"
. 
. Defining document command \qqtext with arg. spec. ' s m ' on line 377.
.................................................
.................................................
. LaTeX info: "xparse/define-command"
. 
. Defining document command \qq with arg. spec. '' on line 378.
.................................................
.................................................
. LaTeX info: "xparse/define-command"
. 
. Defining document command \qcomma with arg. spec. '' on line 380.
.................................................
.................................................
. LaTeX info: "xparse/define-command"
. 
. Defining document command \qc with arg. spec. '' on line 381.
.................................................
.................................................
. LaTeX info: "xparse/define-command"
. 
. Defining document command \qif with arg. spec. 's' on line 383.
.................................................
.................................................
. LaTeX info: "xparse/define-command"
. 
. Defining document command \qthen with arg. spec. 's' on line 384.
.................................................
.................................................
. LaTeX info: "xparse/define-command"
. 
. Defining document command \qelse with arg. spec. 's' on line 385.
.................................................
.................................................
. LaTeX info: "xparse/define-command"
. 
. Defining document command \qotherwise with arg. spec. 's' on line 386.
.................................................
.................................................
. LaTeX info: "xparse/define-command"
. 
. Defining document command \qunless with arg. spec. 's' on line 387.
.................................................
.................................................
. LaTeX info: "xparse/define-command"
. 
. Defining document command \qgiven with arg. spec. 's' on line 388.
.................................................
.................................................
. LaTeX info: "xparse/define-command"
. 
. Defining document command \qusing with arg. spec. 's' on line 389.
.................................................
.................................................
. LaTeX info: "xparse/define-command"
. 
. Defining document command \qassume with arg. spec. 's' on line 390.
.................................................
.................................................
. LaTeX info: "xparse/define-command"
. 
. Defining document command \qsince with arg. spec. 's' on line 391.
.................................................
.................................................
. LaTeX info: "xparse/define-command"
. 
. Defining document command \qlet with arg. spec. 's' on line 392.
.................................................
.................................................
. LaTeX info: "xparse/define-command"
. 
. Defining document command \qfor with arg. spec. 's' on line 393.
.................................................
.................................................
. LaTeX info: "xparse/define-command"
. 
. Defining document command \qall with arg. spec. 's' on line 394.
.................................................
.................................................
. LaTeX info: "xparse/define-command"
. 
. Defining document command \qeven with arg. spec. 's' on line 395.
.................................................
.................................................
. LaTeX info: "xparse/define-command"
. 
. Defining document command \qodd with arg. spec. 's' on line 396.
.................................................
.................................................
. LaTeX info: "xparse/define-command"
. 
. Defining document command \qinteger with arg. spec. 's' on line 397.
.................................................
.................................................
. LaTeX info: "xparse/define-command"
. 
. Defining document command \qand with arg. spec. 's' on line 398.
.................................................
.................................................
. LaTeX info: "xparse/define-command"
. 
. Defining document command \qor with arg. spec. 's' on line 399.
.................................................
.................................................
. LaTeX info: "xparse/define-command"
. 
. Defining document command \qas with arg. spec. 's' on line 400.
.................................................
.................................................
. LaTeX info: "xparse/define-command"
. 
. Defining document command \qin with arg. spec. 's' on line 401.
.................................................
.................................................
. LaTeX info: "xparse/define-command"
. 
. Defining document command \qcc with arg. spec. 's' on line 402.
.................................................
.................................................
. LaTeX info: "xparse/define-command"
. 
. Defining document command \differential with arg. spec. ' o g d() ' on line
. 415.
.................................................
.................................................
. LaTeX info: "xparse/define-command"
. 
. Defining document command \dd with arg. spec. '' on line 416.
.................................................
.................................................
. LaTeX info: "xparse/define-command"
. 
. Defining document command \derivative with arg. spec. ' s o m g d() ' on
. line 435.
.................................................
.................................................
. LaTeX info: "xparse/define-command"
. 
. Defining document command \dv with arg. spec. '' on line 436.
.................................................
.................................................
. LaTeX info: "xparse/define-command"
. 
. Defining document command \partialderivative with arg. spec. ' s o m g g d()
. ' on line 460.
.................................................
.................................................
. LaTeX info: "xparse/define-command"
. 
. Defining document command \pderivative with arg. spec. '' on line 461.
.................................................
.................................................
. LaTeX info: "xparse/define-command"
. 
. Defining document command \pdv with arg. spec. '' on line 462.
.................................................
.................................................
. LaTeX info: "xparse/define-command"
. 
. Defining document command \variation with arg. spec. ' o g d() ' on line
. 474.
.................................................
.................................................
. LaTeX info: "xparse/define-command"
. 
. Defining document command \var with arg. spec. '' on line 475.
.................................................
.................................................
. LaTeX info: "xparse/define-command"
. 
. Defining document command \functionalderivative with arg. spec. ' s o m g
. d() ' on line 494.
.................................................
.................................................
. LaTeX info: "xparse/define-command"
. 
. Defining document command \fderivative with arg. spec. '' on line 495.
.................................................
.................................................
. LaTeX info: "xparse/define-command"
. 
. Defining document command \fdv with arg. spec. '' on line 496.
.................................................
.................................................
. LaTeX info: "xparse/define-command"
. 
. Defining document command \bra with arg. spec. ' s m t\ket s g ' on line
. 526.
.................................................
.................................................
. LaTeX info: "xparse/define-command"
. 
. Defining document command \ket with arg. spec. ' s m ' on line 533.
.................................................
.................................................
. LaTeX info: "xparse/define-command"
. 
. Defining document command \innerproduct with arg. spec. ' s m g ' on line
. 548.
.................................................
.................................................
. LaTeX info: "xparse/define-command"
. 
. Defining document command \braket with arg. spec. '' on line 549.
.................................................
.................................................
. LaTeX info: "xparse/define-command"
. 
. Defining document command \ip with arg. spec. '' on line 550.
.................................................
.................................................
. LaTeX info: "xparse/define-command"
. 
. Defining document command \outerproduct with arg. spec. ' s m g ' on line
. 565.
.................................................
.................................................
. LaTeX info: "xparse/define-command"
. 
. Defining document command \dyad with arg. spec. '' on line 566.
.................................................
.................................................
. LaTeX info: "xparse/define-command"
. 
. Defining document command \op with arg. spec. '' on line 567.
.................................................
.................................................
. LaTeX info: "xparse/define-command"
. 
. Defining document command \ketbra with arg. spec. '' on line 568.
.................................................
.................................................
. LaTeX info: "xparse/define-command"
. 
. Defining document command \expectationvalue with arg. spec. ' s s m g ' on
. line 587.
.................................................
.................................................
. LaTeX info: "xparse/define-command"
. 
. Defining document command \expval with arg. spec. '' on line 588.
.................................................
.................................................
. LaTeX info: "xparse/define-command"
. 
. Defining document command \ev with arg. spec. '' on line 589.
.................................................
.................................................
. LaTeX info: "xparse/define-command"
. 
. Defining document command \vev with arg. spec. ' m ' on line 590.
.................................................
.................................................
. LaTeX info: "xparse/define-command"
. 
. Defining document command \matrixelement with arg. spec. ' s s m m m ' on
. line 601.
.................................................
.................................................
. LaTeX info: "xparse/define-command"
. 
. Defining document command \matrixel with arg. spec. '' on line 602.
.................................................
.................................................
. LaTeX info: "xparse/define-command"
. 
. Defining document command \mel with arg. spec. '' on line 603.
.................................................
.................................................
. LaTeX info: "xparse/define-command"
. 
. Defining document command \identitymatrix with arg. spec. 'm' on line 633.
.................................................
.................................................
. LaTeX info: "xparse/define-command"
. 
. Defining document command \imat with arg. spec. '' on line 634.
.................................................
.................................................
. LaTeX info: "xparse/define-command"
. 
. Defining document command \xmatrix with arg. spec. ' s m m m ' on line 659.
.................................................
.................................................
. LaTeX info: "xparse/define-command"
. 
. Defining document command \xmat with arg. spec. '' on line 660.
.................................................
.................................................
. LaTeX info: "xparse/define-command"
. 
. Defining document command \zeromatrix with arg. spec. ' m g ' on line 662.
.................................................
.................................................
. LaTeX info: "xparse/define-command"
. 
. Defining document command \zmat with arg. spec. '' on line 663.
.................................................
.................................................
. LaTeX info: "xparse/define-command"
. 
. Defining document command \paulixmatrix with arg. spec. '' on line 665.
.................................................
.................................................
. LaTeX info: "xparse/define-command"
. 
. Defining document command \pauliymatrix with arg. spec. '' on line 666.
.................................................
.................................................
. LaTeX info: "xparse/define-command"
. 
. Defining document command \paulizmatrix with arg. spec. '' on line 667.
.................................................
.................................................
. LaTeX info: "xparse/define-command"
. 
. Defining document command \paulimatrix with arg. spec. 'm' on line 678.
.................................................
.................................................
. LaTeX info: "xparse/define-command"
. 
. Defining document command \pmat with arg. spec. '' on line 679.
.................................................
.................................................
. LaTeX info: "xparse/define-command"
. 
. Defining document command \diagonalmatrix with arg. spec. 'O{} >{\SplitList
. {,}}m ' on line 681.
.................................................
.................................................
. LaTeX info: "xparse/define-command"
. 
. Defining document command \@dmat with arg. spec. 'mmggggggg' on line 714.
.................................................
.................................................
. LaTeX info: "xparse/define-command"
. 
. Defining document command \dmat with arg. spec. '' on line 715.
.................................................
.................................................
. LaTeX info: "xparse/define-command"
. 
. Defining document command \antidiagonalmatrix with arg. spec. 'O{}
. >{\SplitList {,}}m ' on line 717.
.................................................
.................................................
. LaTeX info: "xparse/define-command"
. 
. Defining document command \@admat with arg. spec. 'mmggggggg' on line 750.
.................................................
.................................................
. LaTeX info: "xparse/define-command"
. 
. Defining document command \admat with arg. spec. '' on line 751.
.................................................
.................................................
. LaTeX info: "xparse/define-command"
. 
. Defining document command \flatfrac with arg. spec. ' m m ' on line 754.
.................................................
.................................................
. LaTeX info: "xparse/define-command"
. 
. Defining document command \homework with arg. spec. '' on line 764.
.................................................
) (/usr/local/texlive/2014/texmf-dist/tex/generic/babel/babel.sty
Package: babel 2014/03/24 3.9k The Babel package

(/usr/local/texlive/2014/texmf-dist/tex/generic/babel-english/english.ldf
Language: english 2012/08/20 v3.3p English support from the babel system

(/usr/local/texlive/2014/texmf-dist/tex/generic/babel/babel.def
File: babel.def 2014/03/24 3.9k Babel common definitions
\babel@savecnt=\count132
\U@D=\dimen151
)
\l@canadian = a dialect from \language\l@american 
\l@australian = a dialect from \language\l@british 
\l@newzealand = a dialect from \language\l@british 
))
(/usr/local/texlive/2014/texmf-dist/tex/latex/amsfonts/amsfonts.sty
Package: amsfonts 2013/01/14 v3.01 Basic AMSFonts support
\symAMSa=\mathgroup4
\symAMSb=\mathgroup5
LaTeX Font Info:    Overwriting math alphabet `\mathfrak' in version `bold'
(Font)                  U/euf/m/n --> U/euf/b/n on input line 106.
)
(/usr/local/texlive/2014/texmf-dist/tex/latex/amscls/amsthm.sty
Package: amsthm 2004/08/06 v2.20
\thm@style=\toks21
\thm@bodyfont=\toks22
\thm@headfont=\toks23
\thm@notefont=\toks24
\thm@headpunct=\toks25
\thm@preskip=\skip52
\thm@postskip=\skip53
\thm@headsep=\skip54
\dth@everypar=\toks26
)
(/usr/local/texlive/2014/texmf-dist/tex/latex/graphics/graphicx.sty
Package: graphicx 2014/04/25 v1.0g Enhanced LaTeX Graphics (DPC,SPQR)

(/usr/local/texlive/2014/texmf-dist/tex/latex/graphics/graphics.sty
Package: graphics 2009/02/05 v1.0o Standard LaTeX Graphics (DPC,SPQR)

(/usr/local/texlive/2014/texmf-dist/tex/latex/graphics/trig.sty
Package: trig 1999/03/16 v1.09 sin cos tan (DPC)
)
(/usr/local/texlive/2014/texmf-dist/tex/latex/latexconfig/graphics.cfg
File: graphics.cfg 2010/04/23 v1.9 graphics configuration of TeX Live
)
Package graphics Info: Driver file: pdftex.def on input line 91.

(/usr/local/texlive/2014/texmf-dist/tex/latex/pdftex-def/pdftex.def
File: pdftex.def 2011/05/27 v0.06d Graphics/color for pdfTeX

(/usr/local/texlive/2014/texmf-dist/tex/generic/oberdiek/infwarerr.sty
Package: infwarerr 2010/04/08 v1.3 Providing info/warning/error messages (HO)
)
(/usr/local/texlive/2014/texmf-dist/tex/generic/oberdiek/ltxcmds.sty
Package: ltxcmds 2011/11/09 v1.22 LaTeX kernel commands for general use (HO)
)
\Gread@gobject=\count133
))
\Gin@req@height=\dimen152
\Gin@req@width=\dimen153
)

LaTeX Warning: Unused global option(s):
    [paper=a4,fontsize=11pt].


(/Users/Qi-MAC/Work/openatom/openatom_03_08_18/PAW_develop/Notes_papers/.texpad
tmp/PAW_EES_physics.aux)
\openout1 = `PAW_EES_physics.aux'.

LaTeX Font Info:    Checking defaults for OML/cmm/m/it on input line 259.
LaTeX Font Info:    ... okay on input line 259.
LaTeX Font Info:    Checking defaults for T1/cmr/m/n on input line 259.
LaTeX Font Info:    ... okay on input line 259.
LaTeX Font Info:    Checking defaults for OT1/cmr/m/n on input line 259.
LaTeX Font Info:    ... okay on input line 259.
LaTeX Font Info:    Checking defaults for OMS/cmsy/m/n on input line 259.
LaTeX Font Info:    ... okay on input line 259.
LaTeX Font Info:    Checking defaults for OMX/cmex/m/n on input line 259.
LaTeX Font Info:    ... okay on input line 259.
LaTeX Font Info:    Checking defaults for U/cmr/m/n on input line 259.
LaTeX Font Info:    ... okay on input line 259.

*geometry* driver: auto-detecting
*geometry* detected driver: pdftex
*geometry* verbose mode - [ preamble ] result:
* driver: pdftex
* paper: a4paper
* layout: <same size as paper>
* layoutoffset:(h,v)=(0.0pt,0.0pt)
* modes: 
* h-part:(L,W,R)=(56.9055pt, 483.69684pt, 56.90553pt)
* v-part:(T,H,B)=(56.9055pt, 731.23582pt, 56.90552pt)
* \paperwidth=597.50787pt
* \paperheight=845.04684pt
* \textwidth=483.69684pt
* \textheight=731.23582pt
* \oddsidemargin=-15.36449pt
* \evensidemargin=-15.36449pt
* \topmargin=-52.36449pt
* \headheight=12.0pt
* \headsep=25.0pt
* \topskip=10.0pt
* \footskip=30.0pt
* \marginparwidth=65.0pt
* \marginparsep=11.0pt
* \columnsep=10.0pt
* \skip\footins=9.0pt plus 4.0pt minus 2.0pt
* \hoffset=0.0pt
* \voffset=0.0pt
* \mag=1000
* \@twocolumnfalse
* \@twosidefalse
* \@mparswitchfalse
* \@reversemarginfalse
* (1in=72.27pt=25.4mm, 1cm=28.453pt)

(/usr/local/texlive/2014/texmf-dist/tex/context/base/supp-pdf.mkii
[Loading MPS to PDF converter (version 2006.09.02).]
\scratchcounter=\count134
\scratchdimen=\dimen154
\scratchbox=\box43
\nofMPsegments=\count135
\nofMParguments=\count136
\everyMPshowfont=\toks27
\MPscratchCnt=\count137
\MPscratchDim=\dimen155
\MPnumerator=\count138
\makeMPintoPDFobject=\count139
\everyMPtoPDFconversion=\toks28
) (/usr/local/texlive/2014/texmf-dist/tex/generic/oberdiek/pdftexcmds.sty
Package: pdftexcmds 2011/11/29 v0.20 Utility functions of pdfTeX for LuaTeX (HO
)

(/usr/local/texlive/2014/texmf-dist/tex/generic/oberdiek/ifluatex.sty
Package: ifluatex 2010/03/01 v1.3 Provides the ifluatex switch (HO)
Package ifluatex Info: LuaTeX not detected.
)
Package pdftexcmds Info: LuaTeX not detected.
Package pdftexcmds Info: \pdf@primitive is available.
Package pdftexcmds Info: \pdf@ifprimitive is available.
Package pdftexcmds Info: \pdfdraftmode found.
)
(/usr/local/texlive/2014/texmf-dist/tex/latex/oberdiek/epstopdf-base.sty
Package: epstopdf-base 2010/02/09 v2.5 Base part for package epstopdf

(/usr/local/texlive/2014/texmf-dist/tex/latex/oberdiek/grfext.sty
Package: grfext 2010/08/19 v1.1 Manage graphics extensions (HO)

(/usr/local/texlive/2014/texmf-dist/tex/generic/oberdiek/kvdefinekeys.sty
Package: kvdefinekeys 2011/04/07 v1.3 Define keys (HO)
))
(/usr/local/texlive/2014/texmf-dist/tex/latex/oberdiek/kvoptions.sty
Package: kvoptions 2011/06/30 v3.11 Key value format for package options (HO)

(/usr/local/texlive/2014/texmf-dist/tex/generic/oberdiek/kvsetkeys.sty
Package: kvsetkeys 2012/04/25 v1.16 Key value parser (HO)

(/usr/local/texlive/2014/texmf-dist/tex/generic/oberdiek/etexcmds.sty
Package: etexcmds 2011/02/16 v1.5 Avoid name clashes with e-TeX commands (HO)
Package etexcmds Info: Could not find \expanded.
(etexcmds)             That can mean that you are not using pdfTeX 1.50 or
(etexcmds)             that some package has redefined \expanded.
(etexcmds)             In the latter case, load this package earlier.
)))
Package grfext Info: Graphics extension search list:
(grfext)             [.png,.pdf,.jpg,.mps,.jpeg,.jbig2,.jb2,.PNG,.PDF,.JPG,.JPE
G,.JBIG2,.JB2,.eps]
(grfext)             \AppendGraphicsExtensions on input line 452.

(/usr/local/texlive/2014/texmf-dist/tex/latex/latexconfig/epstopdf-sys.cfg
File: epstopdf-sys.cfg 2010/07/13 v1.3 Configuration of (r)epstopdf for TeX Liv
e
))
LaTeX Font Info:    Try loading font information for U+msa on input line 261.

(/usr/local/texlive/2014/texmf-dist/tex/latex/amsfonts/umsa.fd
File: umsa.fd 2013/01/14 v3.01 AMS symbols A
)
LaTeX Font Info:    Try loading font information for U+msb on input line 261.

(/usr/local/texlive/2014/texmf-dist/tex/latex/amsfonts/umsb.fd
File: umsb.fd 2013/01/14 v3.01 AMS symbols B
)
Underfull \hbox (badness 10000) in paragraph at lines 271--272

 []


Overfull \hbox (6.81572pt too wide) in paragraph at lines 277--298
 [] 
 []

[1

{/usr/local/texlive/2014/texmf-var/fonts/map/pdftex/updmap/pdftex.map}]
Underfull \hbox (badness 10000) in paragraph at lines 335--337

 []

[2]
Underfull \hbox (badness 10000) in paragraph at lines 373--374

 []

[3]
Underfull \hbox (badness 10000) in paragraph at lines 411--412

 []


Underfull \hbox (badness 10000) in paragraph at lines 413--414

 []


Underfull \hbox (badness 10000) in paragraph at lines 424--425

 []

[4]
Overfull \hbox (7.17162pt too wide) in paragraph at lines 437--437
[]\T1/cmr/bx/n/14.4 Euler Ex-po-nen-tial Spline in-ter-po-la-tion of the charge
 den-sity $[][]\OT1/cmr/m/n/14.4 (\OT1/cmr/bx/n/14.4 g\OT1/cmr/m/n/14.4 )$ 
 []


Underfull \hbox (badness 10000) in paragraph at lines 439--440

 []


Underfull \hbox (badness 10000) in paragraph at lines 451--453

 []


Underfull \hbox (badness 10000) in paragraph at lines 463--464

 []


Underfull \hbox (badness 10000) in paragraph at lines 472--474

 []


Underfull \hbox (badness 10000) in paragraph at lines 483--485

 []


Underfull \hbox (badness 10000) in paragraph at lines 486--487

 []

[5]
Underfull \hbox (badness 10000) in paragraph at lines 510--511

 []

[6]
Overfull \hbox (52.22633pt too wide) in paragraph at lines 578--578
[] 
 []

[7] [8]
Underfull \hbox (badness 10000) in paragraph at lines 651--652

 []

[9]
Overfull \hbox (71.09665pt too wide) in paragraph at lines 702--703
[]\T1/cmr/m/n/10 To com-pute all the $\OML/cmm/m/it/10 S[]\OT1/cmr/m/n/10 ([])$
 \T1/cmr/m/n/10 scales as $\OML/cmm/m/it/10 NN[]p[] \OMS/cmsy/m/n/10 ^^X \OML/c
mm/m/it/10 N[]$\T1/cmr/m/n/10 , and to com-pute the $[][]\OT1/cmr/m/n/10 (\OT1/
cmr/bx/n/10 g\OT1/cmr/m/n/10 )$ \T1/cmr/m/n/10 scales as $\OML/cmm/m/it/10 N[][
][][] \OMS/cmsy/m/n/10 ^^X
 []


Underfull \hbox (badness 10000) in paragraph at lines 702--703

 []

[10] [11]
Underfull \hbox (badness 10000) in paragraph at lines 771--772

 []


Underfull \hbox (badness 10000) in paragraph at lines 795--796

 []


Underfull \hbox (badness 10000) in paragraph at lines 820--821

 []

[12]
Underfull \hbox (badness 10000) in paragraph at lines 824--825

 []


Underfull \hbox (badness 10000) in paragraph at lines 841--842

 []


Underfull \hbox (badness 10000) in paragraph at lines 865--866

 []

[13] [14]
Underfull \hbox (badness 10000) in paragraph at lines 970--971

 []

[15] [16]
Underfull \hbox (badness 10000) in paragraph at lines 1036--1037

 []


Underfull \hbox (badness 10000) in paragraph at lines 1044--1045

 []


Overfull \hbox (12.27069pt too wide) in paragraph at lines 1082--1082
[] 
 []

[17]
Underfull \hbox (badness 10000) in paragraph at lines 1117--1118

 []

[18] [19] [20]
Underfull \hbox (badness 10000) in paragraph at lines 1204--1205

 []

[21]
Underfull \hbox (badness 10000) in paragraph at lines 1248--1251

 []

[22]
Underfull \hbox (badness 10000) in paragraph at lines 1307--1308

 []

<EESdot.png, id=96, 722.7pt x 406.51875pt>
File: EESdot.png Graphic file (type png)
 <use EESdot.png>
Package pdftex.def Info: EESdot.png used on input line 1314.
(pdftex.def)             Requested size: 290.22105pt x 163.24973pt.
 [23 <./EESdot.png>]
Underfull \hbox (badness 10000) in paragraph at lines 1329--1330

 []


Underfull \hbox (badness 10000) in paragraph at lines 1349--1350

 []

[24]
Overfull \hbox (10.31403pt too wide) in paragraph at lines 1424--1424
[] 
 []

[25]
Underfull \hbox (badness 10000) in paragraph at lines 1478--1479

 []


Underfull \hbox (badness 10000) in paragraph at lines 1497--1498

 []

[26]
Overfull \hbox (59.49841pt too wide) in paragraph at lines 1522--1522
[] 
 []

[27]
Overfull \hbox (3.19685pt too wide) in paragraph at lines 1597--1597
[] 
 []

[28]
Overfull \hbox (6.7173pt too wide) in paragraph at lines 1640--1640
[] 
 []

[29] [30] [31] [32]
Underfull \hbox (badness 10000) in paragraph at lines 1790--1791

 []


Overfull \hbox (41.59927pt too wide) in paragraph at lines 1803--1803
[] 
 []


Overfull \hbox (29.14052pt too wide) in paragraph at lines 1812--1812
[] 
 []


Underfull \hbox (badness 10000) in paragraph at lines 1814--1815

 []


Overfull \hbox (50.68384pt too wide) in paragraph at lines 1825--1825
[] 
 []

[33]
Overfull \hbox (16.08073pt too wide) in paragraph at lines 1837--1838
[]\T1/cmr/m/n/10 Add up $\OT1/cmr/m/n/10 	[]([])\OML/cmm/m/it/10 ^^^[]\OT1/cmr/
m/n/10 ([])$ \T1/cmr/m/n/10 only on the $[]$ atoms around $\OML/cmm/m/it/10 J$ 
\T1/cmr/m/n/10 to get $\OML/cmm/m/it/10 Z[]$\T1/cmr/m/n/10 .
 []


Overfull \hbox (31.08638pt too wide) in paragraph at lines 1839--1840
[]\T1/cmr/m/n/10 For ev-ery KS state $\OML/cmm/m/it/10 I$\T1/cmr/m/n/10 , 3DFFT
 on $\OML/cmm/m/it/10 F[]\OT1/cmr/m/n/10 ([])$ \T1/cmr/m/n/10 on the $\OT1/cmr/
m/n/10 (	\OML/cmm/m/it/10 ; []\OT1/cmr/m/n/10 )$ \T1/cmr/m/n/10 grid to get $[]
[]\OT1/cmr/m/n/10 (\OT1/cmr/bx/n/10 g\OT1/cmr/m/n/10 )$\T1/cmr/m/n/10 .
 []


Overfull \hbox (42.08585pt too wide) in paragraph at lines 1842--1843
[]\T1/cmr/m/n/10 For ev-ery KS state $\OML/cmm/m/it/10 I$\T1/cmr/m/n/10 , FFT o
n $\OML/cmm/m/it/10 F[]\OT1/cmr/m/n/10 ([])$ \T1/cmr/m/n/10 to get $[][]\OT1/cm
r/m/n/10 (\OT1/cmr/bx/n/10 g\OT1/cmr/m/n/10 )$\T1/cmr/m/n/10 . $\OMS/cmsy/m/n/1
0 ^^X [][][][] ^^X
 []

[34]
Overfull \hbox (17.66109pt too wide) in paragraph at lines 1875--1876
[]\T1/cmr/m/n/10 For ev-ery KS state $\OML/cmm/m/it/10 I$\T1/cmr/m/n/10 , 3DFFT
 on $\OML/cmm/m/it/10 F[]\OT1/cmr/m/n/10 ([])$ \T1/cmr/m/n/10 on the $\OT1/cmr/
m/n/10 (	\OML/cmm/m/it/10 ; []\OT1/cmr/m/n/10 )$ \T1/cmr/m/n/10 grid to get $[]
[]\OT1/cmr/m/n/10 (\OT1/cmr/bx/n/10 g\OT1/cmr/m/n/10 )$\T1/cmr/m/n/10 .
 []

[35]
Underfull \hbox (badness 10000) in paragraph at lines 1904--1906

 []


Overfull \hbox (42.7708pt too wide) detected at line 1940
\OML/cmm/m/it/10 F[]\OT1/cmr/m/n/10 ([]) = \OMS/cmsy/m/n/10 ^^@ [] [] []\OML/cm
m/m/it/10 w[]^^^[]\OT1/cmr/m/n/10 (\OT1/cmr/bx/n/10 r[]\OT1/cmr/m/n/10 )^^A\OML
/cmm/m/it/10 p\OT1/cmr/m/n/10 (\OT1/cmr/bx/n/10 r[]\OT1/cmr/m/n/10 )\OML/cmm/m/
it/10 ^^N[][]
 []


Overfull \hbox (30.30687pt too wide) in paragraph at lines 1952--1952
[] 
 []

[36]
Overfull \hbox (10.88618pt too wide) in paragraph at lines 1960--1960
[] 
 []

[37] [38]
Overfull \hbox (6.31737pt too wide) in paragraph at lines 2036--2036
[] 
 []


Overfull \hbox (64.25008pt too wide) in paragraph at lines 2054--2054
[] 
 []

[39]
Overfull \hbox (44.0066pt too wide) in paragraph at lines 2067--2067
[] 
 []

[40]
Overfull \hbox (35.96754pt too wide) in paragraph at lines 2076--2077
[]\T1/cmr/m/n/10 For ev-ery $\OML/cmm/m/it/10 I$\T1/cmr/m/n/10 , per-form a 3DF
FT on $\OML/cmm/m/it/10 F[]\OT1/cmr/m/n/10 ([])$ \T1/cmr/m/n/10 to get $[][]\OT
1/cmr/m/n/10 (\OT1/cmr/bx/n/10 g\OT1/cmr/m/n/10 )$\T1/cmr/m/n/10 . $[][][][] \O
MS/cmsy/m/n/10 ^^X
 []


Overfull \hbox (46.7813pt too wide) in paragraph at lines 2101--2101
[] 
 []

[41]
Overfull \hbox (57.23155pt too wide) in paragraph at lines 2115--2116
[]\T1/cmr/m/n/10 For ev-ery KS state $\OML/cmm/m/it/10 I$\T1/cmr/m/n/10 , FFT o
n $\OML/cmm/m/it/10 F[]\OT1/cmr/m/n/10 ([])$ \T1/cmr/m/n/10 to get $[][]\OT1/cm
r/m/n/10 (\OT1/cmr/bx/n/10 g\OT1/cmr/m/n/10 )$\T1/cmr/m/n/10 . $\OMS/cmsy/m/n/1
0 ^^X [][][][] ^^X
 []

[42]
Overfull \hbox (35.10953pt too wide) in paragraph at lines 2137--2137
[] 
 []


Overfull \hbox (29.9373pt too wide) in paragraph at lines 2146--2146
[] 
 []


Overfull \hbox (28.46672pt too wide) in paragraph at lines 2154--2155
[]\T1/cmr/m/n/10 For ev-ery $\OML/cmm/m/it/10 I$\T1/cmr/m/n/10 , per-form a 3DF
FT on $\OML/cmm/m/it/10 F[]\OT1/cmr/m/n/10 ([])$ \T1/cmr/m/n/10 to get $[][]\OT
1/cmr/m/n/10 (\OT1/cmr/bx/n/10 g\OT1/cmr/m/n/10 )$ \T1/cmr/m/n/10 in $[][][][] 
\OMS/cmsy/m/n/10 ^^X
 []

[43]
Overfull \hbox (2.7448pt too wide) in paragraph at lines 2155--2156
[]\T1/cmr/m/n/10 On the planewave grid, for ev-ery $\OML/cmm/m/it/10 I$ \T1/cmr
/m/n/10 and $\OT1/cmr/bx/n/10 g$\T1/cmr/m/n/10 , mul-ti-ply $[][][]\OT1/cmr/m/n
/10 (\OT1/cmr/bx/n/10 g\OT1/cmr/m/n/10 )[][](\OT1/cmr/bx/n/10 g\OT1/cmr/m/n/10 
)$ \T1/cmr/m/n/10 in $[][] \OMS/cmsy/m/n/10 ^^X
 []


Overfull \hbox (27.79723pt too wide) in paragraph at lines 2192--2192
[] 
 []


Underfull \hbox (badness 10000) in paragraph at lines 2192--2194

 []

[44]
Underfull \hbox (badness 10000) in paragraph at lines 2199--2201

 []


Overfull \hbox (32.138pt too wide) in paragraph at lines 2215--2215
[] 
 []


Overfull \hbox (79.07875pt too wide) in paragraph at lines 2234--2234
[] 
 []

[45]
Overfull \hbox (75.21652pt too wide) in paragraph at lines 2257--2257
[] 
 []

[46]
Overfull \hbox (55.971pt too wide) in paragraph at lines 2273--2273
[] 
 []

[47]
Overfull \hbox (28.40552pt too wide) in paragraph at lines 2289--2289
[] 
 []

[48]
Overfull \hbox (4.7637pt too wide) in paragraph at lines 2306--2307
[]\T1/cmr/m/n/10 For ev-ery $\OML/cmm/m/it/10 J$\T1/cmr/m/n/10 , cal-cu-late $\
OML/cmm/m/it/10 F[]\OT1/cmr/m/n/10 ([])$ \T1/cmr/m/n/10 us-ing pre-vi-ously sto
red $\OML/cmm/m/it/10 ^^^[]\OT1/cmr/m/n/10 (\OT1/cmr/bx/n/10 r[]\OT1/cmr/m/n/10
 )$\T1/cmr/m/n/10 . $\OMS/cmsy/m/n/10 ^^X$ $\OT1/cmr/m/n/10 3\OML/cmm/m/it/10 N
N[]p[] \OMS/cmsy/m/n/10 ^^X
 []


Overfull \hbox (8.94118pt too wide) in paragraph at lines 2315--2316
[]\T1/cmr/m/n/10 For ev-ery $\OML/cmm/m/it/10 J$\T1/cmr/m/n/10 , cal-cu-late th
e ``$\OT1/cmr/m/n/10 B$\T1/cmr/m/n/10 '' part of the deriva-tive by sum-ming ov
er $\OML/cmm/m/it/10 Q[] [][] ^^^[]\OT1/cmr/m/n/10 ([])[]$
 []

[49]
Underfull \hbox (badness 10000) in paragraph at lines 2343--2344

 []


Underfull \hbox (badness 10000) in paragraph at lines 2375--2376

 []


Overfull \hbox (3.22186pt too wide) in paragraph at lines 2399--2399
[] 
 []

[50]
Underfull \hbox (badness 10000) in paragraph at lines 2401--2402

 []


Overfull \hbox (0.23482pt too wide) in paragraph at lines 2418--2418
[] 
 []

[51]
Overfull \hbox (64.79636pt too wide) in paragraph at lines 2467--2467
[] 
 []


Overfull \hbox (66.29411pt too wide) in paragraph at lines 2478--2478
[] 
 []

[52]
Overfull \hbox (7.2539pt too wide) in paragraph at lines 2551--2551
[] 
 []

[53]
Underfull \hbox (badness 10000) in paragraph at lines 2553--2554

 []

[54]
Underfull \hbox (badness 10000) in paragraph at lines 2609--2611

 []


Underfull \hbox (badness 10000) in paragraph at lines 2636--2637

 []

[55]
Overfull \hbox (1.79294pt too wide) in paragraph at lines 2708--2708
[] 
 []

[56]
Underfull \hbox (badness 10000) in paragraph at lines 2734--2735

 []

[57]
Underfull \hbox (badness 10000) in paragraph at lines 2817--2818

 []


Overfull \hbox (5.58385pt too wide) in paragraph at lines 2832--2832
[] 
 []

[58]
Underfull \hbox (badness 10000) in paragraph at lines 2855--2856

 []

[59] [60]
Overfull \hbox (10.6401pt too wide) in paragraph at lines 2961--2961
[] 
 []


Overfull \hbox (53.18256pt too wide) in paragraph at lines 2975--2975
[] 
 []

[61] [62]
Overfull \hbox (2.85089pt too wide) in paragraph at lines 3011--3012
[]\T1/cmr/m/n/10 FFT on $\OML/cmm/m/it/10 ^^^[]\OT1/cmr/m/n/10 ([])$ \T1/cmr/m/
n/10 to get $[][]\OT1/cmr/m/n/10 (\OT1/cmr/bx/n/10 g\OT1/cmr/m/n/10 )$ \T1/cmr/
m/n/10 with cost $[][][] \OMS/cmsy/m/n/10 ^^X
 []


Overfull \hbox (44.27962pt too wide) in paragraph at lines 3012--3013
[]\T1/cmr/m/n/10 IFFT $[]$ to get $\OML/cmm/m/it/10 ^^^[]\OT1/cmr/m/n/10 ([])$ 
\T1/cmr/m/n/10 with cost $[][][] \OMS/cmsy/m/n/10 ^^X
 []

[63]
Overfull \hbox (4.6008pt too wide) in paragraph at lines 3090--3090
[] 
 []

[64] [65]
Overfull \hbox (48.01564pt too wide) in paragraph at lines 3145--3145
[] 
 []


Underfull \hbox (badness 10000) in paragraph at lines 3170--3171

 []


Overfull \hbox (10.6401pt too wide) in paragraph at lines 3180--3180
[] 
 []

[66]
Overfull \hbox (58.53502pt too wide) in paragraph at lines 3189--3189
[] 
 []

[67] [68] [69]
Overfull \hbox (49.86252pt too wide) in paragraph at lines 3358--3358
[] 
 []

[70]
Overfull \hbox (61.64592pt too wide) in paragraph at lines 3371--3371
[] 
 []

[71] [72]
Underfull \hbox (badness 10000) in paragraph at lines 3450--3451

 []


Overfull \hbox (66.97841pt too wide) in paragraph at lines 3479--3479
[] 
 []

[73] [74]
Overfull \hbox (30.62349pt too wide) in paragraph at lines 3515--3516
[]\T1/cmr/m/n/10 For ev-ery $\OML/cmm/m/it/10 I$\T1/cmr/m/n/10 , use the B-Spli
ne weighted by $\OML/cmm/m/it/10 Z[]^^^[]$ \T1/cmr/m/n/10 to get $\OML/cmm/m/it
/10 F[]\OT1/cmr/m/n/10 ([])$\T1/cmr/m/n/10 ,
 []


Overfull \hbox (17.16742pt too wide) in paragraph at lines 3519--3520
[]\T1/cmr/m/n/10 Perform a 3DFFT on $[][]\OT1/cmr/m/n/10 (\OT1/cmr/bx/n/10 g\OT
1/cmr/m/n/10 )$ \T1/cmr/m/n/10 to get $\OML/cmm/m/it/10 ^^^[]\OT1/cmr/m/n/10 ([
])$\T1/cmr/m/n/10 , in or-der $[][][] \OMS/cmsy/m/n/10 ^^X
 []

[75]
Overfull \hbox (67.8426pt too wide) in paragraph at lines 3562--3562
[] 
 []

[76] [77] [78] [79]
Overfull \hbox (15.80327pt too wide) in alignment at lines 3744--3755
 [][][] []
 []


Overfull \hbox (5.69505pt too wide) in alignment at lines 3758--3761
 [][][] []
 []

[80]
Overfull \hbox (46.66263pt too wide) in alignment at lines 3803--3812
 [][][] []
 []


Overfull \hbox (14.80524pt too wide) in alignment at lines 3815--3826
 [][][] []
 []


Overfull \hbox (11.2919pt too wide) in alignment at lines 3829--3843
 [][][] []
 []

[81]
Underfull \hbox (badness 10000) in paragraph at lines 3843--3844

 []


Overfull \hbox (3.9929pt too wide) in alignment at lines 3872--3887
 [][][] []
 []

[82]
Overfull \hbox (6.98158pt too wide) in alignment at lines 3890--3903
 [][][] []
 []

[83]
Overfull \hbox (34.17857pt too wide) in alignment at lines 3938--3944
 [][][] []
 []


Overfull \hbox (24.952pt too wide) in alignment at lines 3948--3954
 [][][] []
 []


Overfull \hbox (30.43912pt too wide) in alignment at lines 3957--3966
 [][][] []
 []

[84] [85] [86]
Overfull \hbox (31.19583pt too wide) in alignment at lines 4062--4094
 [][][] []
 []


Overfull \hbox (36.12076pt too wide) in alignment at lines 4097--4114
 [][][] []
 []

[87] [88]
Underfull \hbox (badness 10000) in paragraph at lines 4118--4119

 []


Underfull \hbox (badness 10000) in paragraph at lines 4126--4128

 []


Underfull \hbox (badness 10000) in paragraph at lines 4147--4148

 []

[89] [90]
Overfull \hbox (11.16997pt too wide) in alignment at lines 4209--4215
 [][][] []
 []


Overfull \hbox (3.58076pt too wide) detected at line 4244
\OML/cmm/m/it/10 ^^^[]\OT1/cmr/m/n/10 ([]) = [] \OML/cmm/m/it/10 w[]\OT1/cmr/m/
n/10 ^^A\OML/cmm/m/it/10 p\OT1/cmr/m/n/10 (\OT1/cmr/bx/n/10 r[]\OT1/cmr/m/n/10 
)\OML/cmm/m/it/10 ^^^[]\OT1/cmr/m/n/10 (\OT1/cmr/bx/n/10 r[]\OT1/cmr/m/n/10 ) [
] [](\OT1/cmr/bx/n/10 u[] \OMS/cmsy/m/n/10 ^^@ []\OT1/cmr/m/n/10 )\OML/cmm/m/it
/10 ^^N[][]
 []


Overfull \hbox (47.5226pt too wide) detected at line 4249
\OML/cmm/m/it/10 ^^^[]\OT1/cmr/m/n/10 (\OT1/cmr/bx/n/10 r[]\OT1/cmr/m/n/10 ) = 
\OMS/cmsy/m/n/10 ^^@\OML/cmm/m/it/10 ^^^[]\OT1/cmr/m/n/10 (\OT1/cmr/bx/n/10 r[]
\OT1/cmr/m/n/10 ) + \OML/cmm/m/it/10 ^^V[] [] \OT1/cmr/m/n/10 + \OML/cmm/m/it/1
0 ^^^[]\OT1/cmr/m/n/10 (\OT1/cmr/bx/n/10 r[]\OT1/cmr/m/n/10 ) + \OML/cmm/m/it/1
0 ^^^[]\OT1/cmr/m/n/10 (\OT1/cmr/bx/n/10 r[]\OT1/cmr/m/n/10 )
 []


Underfull \hbox (badness 10000) in paragraph at lines 4251--4252

 []

[91]
Underfull \hbox (badness 10000) in paragraph at lines 4278--4279

 []


Overfull \hbox (16.34877pt too wide) in alignment at lines 4288--4294
 [][][] []
 []


Overfull \hbox (21.9241pt too wide) in alignment at lines 4318--4325
 [][][] []
 []


Underfull \hbox (badness 10000) in paragraph at lines 4325--4327

 []

[92]
Overfull \hbox (42.10878pt too wide) in paragraph at lines 4348--4348
[] 
 []


Overfull \hbox (3.50581pt too wide) in paragraph at lines 4382--4382
[] 
 []


Underfull \hbox (badness 10000) in paragraph at lines 4382--4384

 []

[93] [94]
Overfull \hbox (22.74712pt too wide) in alignment at lines 4503--4514
 [][][] []
 []


Overfull \hbox (31.2574pt too wide) in alignment at lines 4517--4523
 [][][] []
 []

[95]
Overfull \hbox (6.33504pt too wide) in alignment at lines 4526--4536
 [][][] []
 []


Overfull \hbox (18.57198pt too wide) in alignment at lines 4539--4559
 [][][] []
 []


Overfull \hbox (41.81392pt too wide) in alignment at lines 4562--4571
 [][][] []
 []

[96]
Overfull \hbox (30.60077pt too wide) in alignment at lines 4601--4606
 [][][] []
 []


Overfull \hbox (43.24713pt too wide) in alignment at lines 4620--4639
 [][][] []
 []

[97]
Overfull \hbox (49.66757pt too wide) in alignment at lines 4642--4647
 [][][] []
 []


Overfull \hbox (14.39017pt too wide) in alignment at lines 4670--4688
 [][][] []
 []

[98]
Overfull \hbox (8.09709pt too wide) in alignment at lines 4691--4714
 [][][] []
 []

[99]
Overfull \hbox (25.08469pt too wide) in alignment at lines 4738--4752
 [][][] []
 []


Overfull \hbox (8.95824pt too wide) in alignment at lines 4774--4789
 [][][] []
 []

[100] [101]
Underfull \hbox (badness 10000) in paragraph at lines 4795--4796

 []


Underfull \hbox (badness 10000) in paragraph at lines 4802--4804

 []


Overfull \hbox (5.63396pt too wide) in alignment at lines 4828--4838
 [][][] []
 []

[102]
Overfull \hbox (3.70314pt too wide) in alignment at lines 4873--4889
 [][][] []
 []


Overfull \hbox (26.34027pt too wide) in alignment at lines 4892--4894
 [][][] []
 []

[103] [104]
Overfull \hbox (37.73624pt too wide) in alignment at lines 4966--4976
 [][][] []
 []

[105] [106]
Underfull \hbox (badness 10000) in paragraph at lines 5068--5070

 []


Underfull \hbox (badness 10000) in paragraph at lines 5068--5070

 []

[107]
Underfull \hbox (badness 10000) in paragraph at lines 5143--5145

 []

[108] [109]
Underfull \hbox (badness 10000) in paragraph at lines 5252--5254

 []

[110]
Underfull \hbox (badness 10000) in paragraph at lines 5278--5280

 []

[111] [112]
Underfull \hbox (badness 10000) in paragraph at lines 5308--5309

 []


Underfull \hbox (badness 10000) in paragraph at lines 5322--5324

 []


Underfull \hbox (badness 10000) in paragraph at lines 5328--5330

 []

[113]
Underfull \hbox (badness 10000) in paragraph at lines 5361--5362

 []


Underfull \hbox (badness 10000) in paragraph at lines 5393--5394

 []

[114]
Underfull \hbox (badness 10000) in paragraph at lines 5417--5418

 []

[115]
Overfull \hbox (11.50279pt too wide) in paragraph at lines 5453--5453
[] 
 []

[116] [117] [118]
Overfull \hbox (11.10477pt too wide) in paragraph at lines 5625--5625
[] 
 []

[119]
Underfull \hbox (badness 10000) in paragraph at lines 5640--5641

 []

[120] [121]
Underfull \hbox (badness 10000) in paragraph at lines 5737--5739

 []


Underfull \hbox (badness 10000) in paragraph at lines 5740--5741

 []


Underfull \hbox (badness 10000) in paragraph at lines 5742--5743

 []

[122]
Overfull \hbox (0.38954pt too wide) in paragraph at lines 5842--5842
[] 
 []

[123] [124]
Underfull \hbox (badness 10000) in paragraph at lines 5874--5875

 []


Underfull \hbox (badness 10000) in paragraph at lines 5889--5891

 []


Underfull \hbox (badness 10000) in paragraph at lines 5932--5934

 []

[125]
Underfull \hbox (badness 10000) in paragraph at lines 5941--5943

 []


Underfull \hbox (badness 10000) in paragraph at lines 5955--5958

 []

[126]
Underfull \hbox (badness 10000) in paragraph at lines 5993--5996

 []


Underfull \hbox (badness 10000) in paragraph at lines 6000--6003

 []

[127]
Underfull \hbox (badness 10000) in paragraph at lines 6054--6056

 []

[128]
Overfull \hbox (11.50279pt too wide) in paragraph at lines 6149--6149
[] 
 []

[129] [130] [131]
(/Users/Qi-MAC/Work/openatom/openatom_03_08_18/PAW_develop/Notes_papers/.texpad
tmp/PAW_EES_physics.aux) ) 
Here is how much of TeX's memory you used:
 9493 strings out of 493117
 163760 string characters out of 6135433
 247296 words of memory out of 5000000
 12866 multiletter control sequences out of 15000+600000
 22060 words of font info for 64 fonts, out of 8000000 for 9000
 1141 hyphenation exceptions out of 8191
 40i,23n,39p,10391b,264s stack positions out of 5000i,500n,10000p,200000b,80000s
{/usr/local/texlive/2014/texmf-dist/fonts/enc/dvips/c
m-super/cm-super-t1.enc}</usr/local/texlive/2014/texmf-dist/fonts/type1/public/
amsfonts/cm/cmbx10.pfb></usr/local/texlive/2014/texmf-dist/fonts/type1/public/a
msfonts/cm/cmbx12.pfb></usr/local/texlive/2014/texmf-dist/fonts/type1/public/am
sfonts/cm/cmbx7.pfb></usr/local/texlive/2014/texmf-dist/fonts/type1/public/amsf
onts/cm/cmex10.pfb></usr/local/texlive/2014/texmf-dist/fonts/type1/public/amsfo
nts/cm/cmmi10.pfb></usr/local/texlive/2014/texmf-dist/fonts/type1/public/amsfon
ts/cm/cmmi12.pfb></usr/local/texlive/2014/texmf-dist/fonts/type1/public/amsfont
s/cm/cmmi5.pfb></usr/local/texlive/2014/texmf-dist/fonts/type1/public/amsfonts/
cm/cmmi6.pfb></usr/local/texlive/2014/texmf-dist/fonts/type1/public/amsfonts/cm
/cmmi7.pfb></usr/local/texlive/2014/texmf-dist/fonts/type1/public/amsfonts/cm/c
mmi8.pfb></usr/local/texlive/2014/texmf-dist/fonts/type1/public/amsfonts/cm/cmr
10.pfb></usr/local/texlive/2014/texmf-dist/fonts/type1/public/amsfonts/cm/cmr12
.pfb></usr/local/texlive/2014/texmf-dist/fonts/type1/public/amsfonts/cm/cmr5.pf
b></usr/local/texlive/2014/texmf-dist/fonts/type1/public/amsfonts/cm/cmr6.pfb><
/usr/local/texlive/2014/texmf-dist/fonts/type1/public/amsfonts/cm/cmr7.pfb></us
r/local/texlive/2014/texmf-dist/fonts/type1/public/amsfonts/cm/cmr8.pfb></usr/l
ocal/texlive/2014/texmf-dist/fonts/type1/public/amsfonts/cm/cmsy10.pfb></usr/lo
cal/texlive/2014/texmf-dist/fonts/type1/public/amsfonts/cm/cmsy5.pfb></usr/loca
l/texlive/2014/texmf-dist/fonts/type1/public/amsfonts/cm/cmsy7.pfb></usr/local/
texlive/2014/texmf-dist/fonts/type1/public/cm-super/sfbx1000.pfb></usr/local/te
xlive/2014/texmf-dist/fonts/type1/public/cm-super/sfbx1200.pfb></usr/local/texl
ive/2014/texmf-dist/fonts/type1/public/cm-super/sfbx1440.pfb></usr/local/texliv
e/2014/texmf-dist/fonts/type1/public/cm-super/sfcc1000.pfb></usr/local/texlive/
2014/texmf-dist/fonts/type1/public/cm-super/sfrm1000.pfb></usr/local/texlive/20
14/texmf-dist/fonts/type1/public/cm-super/sfrm1200.pfb></usr/local/texlive/2014
/texmf-dist/fonts/type1/public/cm-super/sfrm2074.pfb>
Output written on /Users/Qi-MAC/Work/openatom/openatom_03_08_18/PAW_develop/Not
es_papers/.texpadtmp/PAW_EES_physics.pdf (131 pages, 877631 bytes).
PDF statistics:
 535 PDF objects out of 1000 (max. 8388607)
 370 compressed objects within 4 object streams
 0 named destinations out of 1000 (max. 500000)
 6 words of extra memory for PDF output out of 10000 (max. 10000000)

